[INFO][main.go:35]2024/09/20 11:14:31 Shutdown Server...
[FATAL][main.go:28]2024/09/20 11:14:31 Listen: %s
 http: Server closed
[INFO][main.go:43]2024/09/20 11:14:31 Server exiting
[INFO][main.go:35]2024/09/20 11:16:46 Shutdown Server...
[FATAL][main.go:28]2024/09/20 11:16:46 Listen: %s
 http: Server closed
[INFO][main.go:43]2024/09/20 11:16:46 Server exiting
[INFO][main.go:35]2024/09/20 11:17:56 Shutdown Server...
[FATAL][main.go:28]2024/09/20 11:17:56 Listen: %s
 http: Server closed
[INFO][main.go:43]2024/09/20 11:17:56 Server exiting
[INFO][main.go:35]2024/09/20 13:58:22 Shutdown Server...
[FATAL][main.go:28]2024/09/20 13:58:22 Listen: %s
 http: Server closed
[INFO][main.go:43]2024/09/20 13:58:22 Server exiting
[INFO][cron.go:11]2024/09/20 14:56:30 Starting...
[INFO][cron.go:23]2024/09/20 14:56:31 Run models.CleanAllArticles...
[INFO][cron.go:16]2024/09/20 14:56:31 Run models.CleanAllTag...
[INFO][cron.go:16]2024/09/20 14:56:32 Run models.CleanAllArticles...
[INFO][cron.go:16]2024/09/20 14:56:32 Run models.CleanAllTag...
[INFO][cron.go:16]2024/09/20 14:56:33 Run models.CleanAllTag...
[INFO][cron.go:23]2024/09/20 14:56:33 Run models.CleanAllArticles...
[INFO][cron.go:23]2024/09/20 14:56:34 Run models.CleanAllArticles...
[INFO][cron.go:16]2024/09/20 14:56:34 Run models.CleanAllTag...
[INFO][cron.go:16]2024/09/20 14:56:35 Run models.CleanAllTag...
[INFO][cron.go:23]2024/09/20 14:56:35 Run models.CleanAllArticles...
[INFO][cron.go:16]2024/09/20 14:56:36 Run models.CleanAllTag...
[INFO][cron.go:23]2024/09/20 14:56:36 Run models.CleanAllArticles...
[INFO][cron.go:16]2024/09/20 14:56:37 Run models.CleanAllArticles...
[INFO][cron.go:16]2024/09/20 14:56:37 Run models.CleanAllTag...
[INFO][cron.go:23]2024/09/20 14:56:38 Run models.CleanAllArticles...
[INFO][cron.go:16]2024/09/20 14:56:38 Run models.CleanAllTag...
[INFO][cron.go:23]2024/09/20 14:56:39 Run models.CleanAllArticles...
[INFO][cron.go:16]2024/09/20 14:56:39 Run models.CleanAllTag...
[INFO][cron.go:16]2024/09/20 14:56:40 Run models.CleanAllTag...
[INFO][cron.go:23]2024/09/20 14:56:40 Run models.CleanAllArticles...
[INFO][cron.go:16]2024/09/20 14:56:41 Run models.CleanAllTag...
[INFO][cron.go:23]2024/09/20 14:56:41 Run models.CleanAllArticles...
[INFO][cron.go:16]2024/09/20 14:56:42 Run models.CleanAllTag...
[INFO][cron.go:16]2024/09/20 14:56:42 Run models.CleanAllArticles...
[INFO][cron.go:16]2024/09/20 14:56:43 Run models.CleanAllArticles...
[INFO][cron.go:16]2024/09/20 14:56:43 Run models.CleanAllTag...
[INFO][cron.go:16]2024/09/20 14:56:44 Run models.CleanAllTag...
[INFO][cron.go:23]2024/09/20 14:56:44 Run models.CleanAllArticles...
[INFO][cron.go:16]2024/09/20 14:56:45 Run models.CleanAllTag...
[INFO][cron.go:16]2024/09/20 14:56:45 Run models.CleanAllArticles...
[INFO][cron.go:16]2024/09/20 14:56:46 Run models.CleanAllArticles...
[INFO][cron.go:16]2024/09/20 14:56:46 Run models.CleanAllTag...
[INFO][cron.go:16]2024/09/20 14:56:47 Run models.CleanAllArticles...
[INFO][cron.go:16]2024/09/20 14:56:47 Run models.CleanAllTag...
[INFO][cron.go:16]2024/09/20 14:56:48 Run models.CleanAllTag...
[INFO][cron.go:23]2024/09/20 14:56:48 Run models.CleanAllArticles...
[INFO][cron.go:23]2024/09/20 14:56:49 Run models.CleanAllArticles...
[INFO][cron.go:16]2024/09/20 14:56:49 Run models.CleanAllTag...
[INFO][cron.go:23]2024/09/20 14:56:50 Run models.CleanAllArticles...
[INFO][cron.go:16]2024/09/20 14:56:50 Run models.CleanAllTag...
[INFO][cron.go:23]2024/09/20 14:56:51 Run models.CleanAllTag...
[INFO][cron.go:23]2024/09/20 14:56:51 Run models.CleanAllArticles...
[INFO][cron.go:23]2024/09/20 14:56:52 Run models.CleanAllArticles...
[INFO][cron.go:16]2024/09/20 14:56:52 Run models.CleanAllTag...
[INFO][cron.go:16]2024/09/20 14:56:53 Run models.CleanAllTag...
[INFO][cron.go:23]2024/09/20 14:56:53 Run models.CleanAllArticles...
[INFO][cron.go:23]2024/09/20 14:56:54 Run models.CleanAllArticles...
[INFO][cron.go:23]2024/09/20 14:56:54 Run models.CleanAllTag...
[INFO][cron.go:16]2024/09/20 14:56:55 Run models.CleanAllTag...
[INFO][cron.go:23]2024/09/20 14:56:55 Run models.CleanAllArticles...
[INFO][cron.go:23]2024/09/20 14:56:56 Run models.CleanAllArticles...
[INFO][cron.go:16]2024/09/20 14:56:56 Run models.CleanAllTag...
[INFO][cron.go:23]2024/09/20 14:56:57 Run models.CleanAllArticles...
[INFO][cron.go:16]2024/09/20 14:56:57 Run models.CleanAllTag...
[INFO][cron.go:16]2024/09/20 14:56:58 Run models.CleanAllTag...
[INFO][cron.go:23]2024/09/20 14:56:58 Run models.CleanAllArticles...
[INFO][cron.go:16]2024/09/20 14:56:59 Run models.CleanAllArticles...
[INFO][cron.go:16]2024/09/20 14:56:59 Run models.CleanAllTag...
[INFO][cron.go:16]2024/09/20 14:57:00 Run models.CleanAllArticles...
[INFO][cron.go:16]2024/09/20 14:57:00 Run models.CleanAllTag...
[INFO][cron.go:16]2024/09/20 14:57:01 Run models.CleanAllTag...
[INFO][cron.go:23]2024/09/20 14:57:01 Run models.CleanAllArticles...
[INFO][cron.go:16]2024/09/20 14:57:02 Run models.CleanAllArticles...
[INFO][cron.go:16]2024/09/20 14:57:02 Run models.CleanAllTag...
[INFO][cron.go:23]2024/09/20 14:57:03 Run models.CleanAllArticles...
[INFO][cron.go:16]2024/09/20 14:57:03 Run models.CleanAllTag...
[INFO][cron.go:23]2024/09/20 14:57:04 Run models.CleanAllArticles...
[INFO][cron.go:16]2024/09/20 14:57:04 Run models.CleanAllTag...
[INFO][cron.go:23]2024/09/20 14:57:05 Run models.CleanAllArticles...
[INFO][cron.go:16]2024/09/20 14:57:05 Run models.CleanAllTag...
[INFO][cron.go:16]2024/09/20 14:57:06 Run models.CleanAllArticles...
[INFO][cron.go:16]2024/09/20 14:57:06 Run models.CleanAllTag...
[INFO][cron.go:16]2024/09/20 14:57:07 Run models.CleanAllTag...
[INFO][cron.go:16]2024/09/20 14:57:07 Run models.CleanAllArticles...
[INFO][cron.go:16]2024/09/20 14:57:08 Run models.CleanAllArticles...
[INFO][cron.go:16]2024/09/20 14:57:08 Run models.CleanAllTag...
[INFO][cron.go:23]2024/09/20 14:57:09 Run models.CleanAllArticles...
[INFO][cron.go:16]2024/09/20 14:57:09 Run models.CleanAllTag...
[INFO][cron.go:23]2024/09/20 14:57:10 Run models.CleanAllArticles...
[INFO][cron.go:16]2024/09/20 14:57:10 Run models.CleanAllTag...
[INFO][cron.go:23]2024/09/20 14:57:11 Run models.CleanAllArticles...
[INFO][cron.go:23]2024/09/20 14:57:11 Run models.CleanAllTag...
[INFO][cron.go:16]2024/09/20 14:57:12 Run models.CleanAllTag...
[INFO][cron.go:23]2024/09/20 14:57:12 Run models.CleanAllArticles...
[INFO][cron.go:23]2024/09/20 14:57:13 Run models.CleanAllArticles...
[INFO][cron.go:16]2024/09/20 14:57:13 Run models.CleanAllTag...
[INFO][cron.go:23]2024/09/20 14:57:14 Run models.CleanAllArticles...
[INFO][cron.go:16]2024/09/20 14:57:14 Run models.CleanAllTag...
[INFO][cron.go:23]2024/09/20 14:57:15 Run models.CleanAllArticles...
[INFO][cron.go:16]2024/09/20 14:57:15 Run models.CleanAllTag...
[INFO][cron.go:16]2024/09/20 14:57:16 Run models.CleanAllTag...
[INFO][cron.go:23]2024/09/20 14:57:16 Run models.CleanAllArticles...
[INFO][cron.go:16]2024/09/20 14:57:17 Run models.CleanAllTag...
[INFO][cron.go:16]2024/09/20 14:57:17 Run models.CleanAllArticles...
[INFO][cron.go:23]2024/09/20 14:57:18 Run models.CleanAllArticles...
[INFO][cron.go:16]2024/09/20 14:57:18 Run models.CleanAllTag...
[INFO][cron.go:16]2024/09/20 14:57:19 Run models.CleanAllTag...
[INFO][cron.go:23]2024/09/20 14:57:19 Run models.CleanAllArticles...
[INFO][cron.go:23]2024/09/20 14:57:20 Run models.CleanAllArticles...
[INFO][cron.go:16]2024/09/20 14:57:20 Run models.CleanAllTag...
[INFO][cron.go:23]2024/09/20 14:57:21 Run models.CleanAllArticles...
[INFO][cron.go:16]2024/09/20 14:57:21 Run models.CleanAllTag...
[INFO][cron.go:16]2024/09/20 14:57:22 Run models.CleanAllArticles...
[INFO][cron.go:16]2024/09/20 14:57:22 Run models.CleanAllTag...
[INFO][cron.go:23]2024/09/20 14:57:23 Run models.CleanAllArticles...
[INFO][cron.go:16]2024/09/20 14:57:23 Run models.CleanAllTag...
[INFO][cron.go:23]2024/09/20 14:57:24 Run models.CleanAllArticles...
[INFO][cron.go:16]2024/09/20 14:57:24 Run models.CleanAllTag...
[INFO][cron.go:16]2024/09/20 14:57:25 Run models.CleanAllArticles...
[INFO][cron.go:16]2024/09/20 14:57:25 Run models.CleanAllTag...
[INFO][cron.go:23]2024/09/20 14:57:26 Run models.CleanAllArticles...
[INFO][cron.go:16]2024/09/20 14:57:26 Run models.CleanAllTag...
[INFO][cron.go:16]2024/09/20 14:57:27 Run models.CleanAllTag...
[INFO][cron.go:23]2024/09/20 14:57:27 Run models.CleanAllArticles...
[INFO][cron.go:23]2024/09/20 14:57:28 Run models.CleanAllArticles...
[INFO][cron.go:16]2024/09/20 14:57:28 Run models.CleanAllTag...
[INFO][cron.go:23]2024/09/20 14:57:29 Run models.CleanAllTag...
[INFO][cron.go:23]2024/09/20 14:57:29 Run models.CleanAllArticles...
[INFO][cron.go:23]2024/09/20 14:57:30 Run models.CleanAllTag...
[INFO][cron.go:23]2024/09/20 14:57:30 Run models.CleanAllArticles...
[INFO][cron.go:16]2024/09/20 14:57:31 Run models.CleanAllTag...
[INFO][cron.go:16]2024/09/20 14:57:31 Run models.CleanAllArticles...
[INFO][cron.go:23]2024/09/20 14:57:32 Run models.CleanAllArticles...
[INFO][cron.go:16]2024/09/20 14:57:32 Run models.CleanAllTag...
[INFO][cron.go:16]2024/09/20 14:57:33 Run models.CleanAllArticles...
[INFO][cron.go:16]2024/09/20 14:57:33 Run models.CleanAllTag...
[INFO][cron.go:23]2024/09/20 14:57:34 Run models.CleanAllArticles...
[INFO][cron.go:16]2024/09/20 14:57:34 Run models.CleanAllTag...
[INFO][cron.go:16]2024/09/20 14:57:35 Run models.CleanAllTag...
[INFO][cron.go:23]2024/09/20 14:57:35 Run models.CleanAllArticles...
[INFO][cron.go:16]2024/09/20 14:57:36 Run models.CleanAllTag...
[INFO][cron.go:23]2024/09/20 14:57:36 Run models.CleanAllArticles...
[INFO][cron.go:23]2024/09/20 14:57:37 Run models.CleanAllArticles...
[INFO][cron.go:23]2024/09/20 14:57:37 Run models.CleanAllTag...
[INFO][cron.go:23]2024/09/20 14:57:38 Run models.CleanAllArticles...
[INFO][cron.go:16]2024/09/20 14:57:38 Run models.CleanAllTag...
[INFO][cron.go:16]2024/09/20 14:57:39 Run models.CleanAllTag...
[INFO][cron.go:23]2024/09/20 14:57:39 Run models.CleanAllArticles...
[INFO][cron.go:23]2024/09/20 14:57:40 Run models.CleanAllArticles...
[INFO][cron.go:16]2024/09/20 14:57:40 Run models.CleanAllTag...
[INFO][cron.go:16]2024/09/20 14:57:41 Run models.CleanAllArticles...
[INFO][cron.go:16]2024/09/20 14:57:41 Run models.CleanAllTag...
[INFO][cron.go:16]2024/09/20 14:57:42 Run models.CleanAllTag...
[INFO][cron.go:16]2024/09/20 14:57:42 Run models.CleanAllArticles...
[INFO][cron.go:16]2024/09/20 14:57:43 Run models.CleanAllTag...
[INFO][cron.go:23]2024/09/20 14:57:43 Run models.CleanAllArticles...
